
Gurobi 7.0.2 (win32, Python) logging started 09/17/17 22:02:11

Optimize a model with 110129 rows, 46921 columns and 290888 nonzeros
Model has 35 quadratic constraints
Variable types: 0 continuous, 46921 integer (21462 binary)
Coefficient statistics:
  Matrix range     [1e-03, 1e+03]
  QMatrix range    [1e+00, 1e+00]
  Objective range  [2e-01, 3e+00]
  Bounds range     [1e+00, 1e+00]
  RHS range        [1e+00, 1e+02]
Presolve removed 79991 rows and 37352 columns
Presolve time: 0.88s
Presolved: 30348 rows, 9744 columns, 90477 nonzeros
Variable types: 0 continuous, 9744 integer (7049 binary)
Found heuristic solution: objective 2140.0000000
Found heuristic solution: objective 2075.0000000

Root relaxation: objective 1.207506e+03, 15970 iterations, 2.78 seconds

    Nodes    |    Current Node    |     Objective Bounds      |     Work
 Expl Unexpl |  Obj  Depth IntInf | Incumbent    BestBd   Gap | It/Node Time

     0     0 1207.50585    0 1437 2075.00000 1207.50585  41.8%     -    4s
H    0     0                    1915.0000000 1207.50585  36.9%     -    5s
H    0     0                    1720.0000000 1207.50585  29.8%     -    5s
     0     0 1244.59252    0 3666 1720.00000 1244.59252  27.6%     -    6s
H    0     0                    1690.0000000 1244.59252  26.4%     -    7s
     0     0 1245.20249    0 3133 1690.00000 1245.20249  26.3%     -    7s
     0     0 1264.85629    0 3969 1690.00000 1264.85629  25.2%     -    8s
     0     0 1265.43610    0 3595 1690.00000 1265.43610  25.1%     -    8s
     0     0 1273.27868    0 4120 1690.00000 1273.27868  24.7%     -    9s
     0     0 1273.57810    0 4412 1690.00000 1273.57810  24.6%     -   10s
     0     0 1275.94058    0 4379 1690.00000 1275.94058  24.5%     -   11s
     0     0 1276.49241    0 4537 1690.00000 1276.49241  24.5%     -   11s
     0     0 1279.61469    0 4104 1690.00000 1279.61469  24.3%     -   12s
     0     0 1279.69468    0 4450 1690.00000 1279.69468  24.3%     -   13s
     0     0 1281.94527    0 4477 1690.00000 1281.94527  24.1%     -   14s
     0     0 1283.34959    0 4720 1690.00000 1283.34959  24.1%     -   14s
     0     0 1286.44351    0 4468 1690.00000 1286.44351  23.9%     -   16s
     0     0 1286.61606    0 4884 1690.00000 1286.61606  23.9%     -   17s
     0     0 1288.78893    0 4867 1690.00000 1288.78893  23.7%     -   18s
     0     0 1288.80456    0 4850 1690.00000 1288.80456  23.7%     -   18s
     0     0 1290.28795    0 4774 1690.00000 1290.28795  23.7%     -   19s
     0     0 1290.86852    0 4651 1690.00000 1290.86852  23.6%     -   20s
     0     0 1291.39571    0 4722 1690.00000 1291.39571  23.6%     -   21s
     0     0 1291.43192    0 4742 1690.00000 1291.43192  23.6%     -   21s

Gurobi 7.0.2 (win32, Python) logging started 09/17/17 22:02:44

Optimize a model with 110129 rows, 46921 columns and 290888 nonzeros
Variable types: 0 continuous, 46921 integer (21462 binary)
Coefficient statistics:
  Matrix range     [1e-03, 1e+03]
  Objective range  [2e-01, 3e+00]
  Bounds range     [1e+00, 1e+00]
  RHS range        [1e+00, 1e+02]
Found heuristic solution: objective 2622.4
Presolve removed 81394 rows and 37715 columns
Presolve time: 0.50s
Presolved: 28735 rows, 9206 columns, 85880 nonzeros
Variable types: 0 continuous, 9206 integer (6804 binary)

Root relaxation: objective 1.214981e+03, 16437 iterations, 2.77 seconds

    Nodes    |    Current Node    |     Objective Bounds      |     Work
 Expl Unexpl |  Obj  Depth IntInf | Incumbent    BestBd   Gap | It/Node Time

     0     0 1214.98130    0 1201 2622.40000 1214.98130  53.7%     -    3s
H    0     0                    2075.0000000 1214.98130  41.4%     -    4s
H    0     0                    1775.0000000 1214.98130  31.6%     -    4s
     0     0 1273.95213    0 3826 1775.00000 1273.95213  28.2%     -    5s
     0     0 1275.51867    0 3611 1775.00000 1275.51867  28.1%     -    5s
     0     0 1292.68013    0 2339 1775.00000 1292.68013  27.2%     -    7s
     0     0 1292.68013    0  380 1775.00000 1292.68013  27.2%     -    8s
     0     0 1344.24270    0 1488 1775.00000 1344.24270  24.3%     -    8s
     0     0 1440.82751    0 1184 1775.00000 1440.82751  18.8%     -    8s
     0     0 1483.86101    0 1118 1775.00000 1483.86101  16.4%     -    8s
     0     0 1486.11993    0 1041 1775.00000 1486.11993  16.3%     -    8s
     0     0 1497.57338    0 1666 1775.00000 1497.57338  15.6%     -    8s
     0     0 1499.10281    0 1711 1775.00000 1499.10281  15.5%     -    8s
     0     0 1510.47985    0 1576 1775.00000 1510.47985  14.9%     -    9s
     0     0 1510.85884    0 1471 1775.00000 1510.85884  14.9%     -    9s
     0     0 1530.72220    0 1634 1775.00000 1530.72220  13.8%     -    9s
     0     0 1530.88629    0 1626 1775.00000 1530.88629  13.8%     -    9s
     0     0 1538.33246    0 1527 1775.00000 1538.33246  13.3%     -    9s
     0     0 1542.55506    0 1703 1775.00000 1542.55506  13.1%     -    9s
     0     0 1560.07565    0 1792 1775.00000 1560.07565  12.1%     -    9s
     0     0 1562.99913    0 1552 1775.00000 1562.99913  11.9%     -    9s
     0     0 1574.91397    0 1566 1775.00000 1574.91397  11.3%     -   10s
     0     0 1575.90808    0 1469 1775.00000 1575.90808  11.2%     -   10s
     0     0 1587.48315    0 1537 1775.00000 1587.48315  10.6%     -   10s
     0     0 1588.17794    0 1554 1775.00000 1588.17794  10.5%     -   10s
     0     0 1591.61369    0 1607 1775.00000 1591.61369  10.3%     -   10s
     0     0 1592.25317    0 1686 1775.00000 1592.25317  10.3%     -   10s
     0     0 1593.71882    0 1898 1775.00000 1593.71882  10.2%     -   10s
     0     0 1594.35044    0 2073 1775.00000 1594.35044  10.2%     -   10s
     0     0 1599.30524    0 1546 1775.00000 1599.30524  9.90%     -   11s
     0     0 1599.46410    0 1721 1775.00000 1599.46410  9.89%     -   11s
     0     0 1603.17496    0 1766 1775.00000 1603.17496  9.68%     -   11s
     0     0 1603.55107    0 1910 1775.00000 1603.55107  9.66%     -   11s
     0     0 1607.30647    0 1810 1775.00000 1607.30647  9.45%     -   11s
     0     0 1608.06957    0 1823 1775.00000 1608.06957  9.40%     -   11s
     0     0 1612.95767    0 1414 1775.00000 1612.95767  9.13%     -   11s
     0     0 1613.12659    0 1611 1775.00000 1613.12659  9.12%     -   11s
     0     0 1618.81733    0 1568 1775.00000 1618.81733  8.80%     -   12s
     0     0 1620.23084    0 1553 1775.00000 1620.23084  8.72%     -   12s
     0     0 1624.99581    0 1616 1775.00000 1624.99581  8.45%     -   12s
     0     0 1625.61692    0 1512 1775.00000 1625.61692  8.42%     -   12s
     0     0 1627.07236    0 1556 1775.00000 1627.07236  8.33%     -   12s
     0     0 1627.07872    0 1550 1775.00000 1627.07872  8.33%     -   12s
     0     0 1628.77571    0 1650 1775.00000 1628.77571  8.24%     -   12s
     0     0 1629.86099    0 1638 1775.00000 1629.86099  8.18%     -   12s
     0     0 1632.40608    0 1616 1775.00000 1632.40608  8.03%     -   13s
     0     0 1636.43961    0 1655 1775.00000 1636.43961  7.81%     -   13s
     0     0 1640.20861    0 1681 1775.00000 1640.20861  7.59%     -   13s
     0     0 1640.24033    0 1560 1775.00000 1640.24033  7.59%     -   13s
     0     0 1642.32171    0 1591 1775.00000 1642.32171  7.47%     -   13s
     0     0 1642.52061    0 1608 1775.00000 1642.52061  7.46%     -   13s
     0     0 1644.79594    0 1754 1775.00000 1644.79594  7.34%     -   13s
     0     0 1644.87297    0 1794 1775.00000 1644.87297  7.33%     -   13s
     0     0 1646.38377    0 1731 1775.00000 1646.38377  7.25%     -   13s
     0     0 1647.14625    0 1725 1775.00000 1647.14625  7.20%     -   14s
     0     0 1651.95026    0 1774 1775.00000 1651.95026  6.93%     -   14s
     0     0 1652.70975    0 1812 1775.00000 1652.70975  6.89%     -   14s
     0     0 1657.73720    0 1766 1775.00000 1657.73720  6.61%     -   14s
H    0     0                    1770.0000000 1657.73720  6.34%     -   14s
     0     0 1657.88127    0 1772 1770.00000 1657.88127  6.33%     -   14s
     0     0 1658.48596    0 1784 1770.00000 1658.48596  6.30%     -   14s
     0     0 1658.48596    0 1384 1770.00000 1658.48596  6.30%     -   14s
     0     2 1658.48596    0 1322 1770.00000 1658.48596  6.30%     -   16s
   696   630 1706.77902   15 1047 1770.00000 1663.07469  6.04%  41.9   20s
   735   666 1726.11227   48 1658 1770.00000 1726.11227  2.48%  41.1   25s
   752   677 1751.79857   19 1862 1770.00000 1751.79857  1.03%  40.1   30s
   772   690 1756.07611   19 2053 1770.00000 1756.07611  0.79%  39.1   35s
   784   698 1757.15908   80 1601 1770.00000 1757.15908  0.73%  38.5   40s
   805   712 1762.96020   72 1774 1770.00000 1762.96020  0.40%  37.5   45s
   822   724 1763.63780   77 1928 1770.00000 1763.63780  0.36%  36.7   50s
   839   736 1763.86867   49 1661 1770.00000 1763.86867  0.35%  85.1   55s
   870   757 1765.65052  101 1006 1770.00000 1765.65052  0.25%  82.1   60s

Cutting planes:
  Gomory: 69
  Implied bound: 49
  MIR: 122
  Flow cover: 381
  Zero half: 162

Explored 897 nodes (148593 simplex iterations) in 61.69 seconds
Thread count was 4 (of 4 available processors)

Solution count 5: 1770 1775 1775 ... 2622.4
Pool objective bound 1770

Optimal solution found (tolerance 1.00e-04)
Best objective 1.770000000000e+03, best bound 1.770000000000e+03, gap 0.0000%

Gurobi 7.0.2 (win32, Python) logging started 09/17/17 22:04:15

Optimize a model with 110129 rows, 46921 columns and 290888 nonzeros
Model has 35 quadratic constraints
Variable types: 0 continuous, 46921 integer (21462 binary)
Coefficient statistics:
  Matrix range     [1e-03, 1e+03]
  QMatrix range    [1e+00, 1e+00]
  Objective range  [2e-01, 3e+00]
  Bounds range     [1e+00, 1e+00]
  RHS range        [1e+00, 1e+02]
Presolve removed 79991 rows and 37357 columns
Presolve time: 0.44s
Presolved: 30348 rows, 9739 columns, 90422 nonzeros
Variable types: 0 continuous, 9739 integer (7031 binary)
Found heuristic solution: objective 2140.0000000
Found heuristic solution: objective 2090.0000000

Root relaxation: objective 1.222919e+03, 16787 iterations, 2.58 seconds

    Nodes    |    Current Node    |     Objective Bounds      |     Work
 Expl Unexpl |  Obj  Depth IntInf | Incumbent    BestBd   Gap | It/Node Time

     0     0 1222.91906    0  887 2090.00000 1222.91906  41.5%     -    4s
H    0     0                    1920.0000000 1222.91906  36.3%     -    4s
H    0     0                    1880.0000000 1222.91906  35.0%     -    4s
     0     0 1259.77718    0 3041 1880.00000 1259.77718  33.0%     -    4s
H    0     0                    1720.0000000 1259.77718  26.8%     -    5s
     0     0 1260.10122    0 2948 1720.00000 1260.10122  26.7%     -    5s
     0     0 1278.71655    0 4147 1720.00000 1278.71655  25.7%     -    6s
     0     0 1279.87922    0 3654 1720.00000 1279.87922  25.6%     -    7s
     0     0 1290.41911    0 4443 1720.00000 1290.41911  25.0%     -    7s
     0     0 1291.77842    0 4151 1720.00000 1291.77842  24.9%     -    8s
     0     0 1303.01839    0 4205 1720.00000 1303.01839  24.2%     -    9s
     0     0 1303.61450    0 4549 1720.00000 1303.61450  24.2%     -    9s
     0     0 1309.89245    0 3657 1720.00000 1309.89245  23.8%     -   10s
     0     0 1309.92184    0 4003 1720.00000 1309.92184  23.8%     -   10s
     0     0 1314.08790    0 4484 1720.00000 1314.08790  23.6%     -   11s
     0     0 1314.23812    0 4377 1720.00000 1314.23812  23.6%     -   11s
     0     0 1318.52099    0 4214 1720.00000 1318.52099  23.3%     -   12s
     0     0 1318.57371    0 4652 1720.00000 1318.57371  23.3%     -   12s
     0     0 1320.84278    0 4518 1720.00000 1320.84278  23.2%     -   14s
     0     0 1321.10169    0 4880 1720.00000 1321.10169  23.2%     -   14s
     0     0 1321.53170    0 4848 1720.00000 1321.53170  23.2%     -   15s
     0     0 1321.53929    0 4852 1720.00000 1321.53929  23.2%     -   15s
     0     0 1322.48880    0 4826 1720.00000 1322.48880  23.1%     -   16s
     0     0 1322.49368    0 4857 1720.00000 1322.49368  23.1%     -   16s
     0     0 1323.19018    0 4832 1720.00000 1323.19018  23.1%     -   17s
     0     0 1323.21593    0 4762 1720.00000 1323.21593  23.1%     -   17s
     0     0 1324.75642    0 4801 1720.00000 1324.75642  23.0%     -   18s
     0     0 1324.76229    0 5020 1720.00000 1324.76229  23.0%     -   18s
     0     0 1325.19394    0 5203 1720.00000 1325.19394  23.0%     -   19s
     0     0 1325.19849    0 5224 1720.00000 1325.19849  23.0%     -   19s
     0     0 1326.59022    0 5274 1720.00000 1326.59022  22.9%     -   20s
     0     0 1326.66347    0 5312 1720.00000 1326.66347  22.9%     -   21s
     0     0 1326.98953    0 4818 1720.00000 1326.98953  22.8%     -   22s
     0     0 1327.20463    0 5024 1720.00000 1327.20463  22.8%     -   22s
     0     0 1327.52366    0 5066 1720.00000 1327.52366  22.8%     -   23s
     0     0 1327.54734    0 5273 1720.00000 1327.54734  22.8%     -   23s
     0     0 1328.40138    0 5043 1720.00000 1328.40138  22.8%     -   24s
     0     0 1328.42796    0 5234 1720.00000 1328.42796  22.8%     -   24s
     0     0 1328.46674    0 5229 1720.00000 1328.46674  22.8%     -   25s
     0     0 1328.46674    0 5252 1720.00000 1328.46674  22.8%     -   25s
     0     0 1329.84262    0 4775 1720.00000 1329.84262  22.7%     -   27s
     0     0 1329.89819    0 4809 1720.00000 1329.89819  22.7%     -   27s
     0     0 1331.38138    0 4878 1720.00000 1331.38138  22.6%     -   28s
     0     0 1331.39677    0 4868 1720.00000 1331.39677  22.6%     -   29s
     0     0 1331.91345    0 5126 1720.00000 1331.91345  22.6%     -   30s
     0     0 1331.96166    0 5084 1720.00000 1331.96166  22.6%     -   30s
     0     0 1332.22900    0 4839 1720.00000 1332.22900  22.5%     -   31s
     0     0 1332.25632    0 4871 1720.00000 1332.25632  22.5%     -   32s
     0     0 1332.52330    0 5039 1720.00000 1332.52330  22.5%     -   33s
     0     0 1332.53689    0 5165 1720.00000 1332.53689  22.5%     -   34s
     0     0 1332.55151    0 4856 1720.00000 1332.55151  22.5%     -   35s
     0     0 1332.55628    0 4867 1720.00000 1332.55628  22.5%     -   35s
     0     0 1332.57133    0 4893 1720.00000 1332.57133  22.5%     -   36s
     0     0 1332.57138    0 4906 1720.00000 1332.57138  22.5%     -   37s
     0     0 1332.83011    0 4907 1720.00000 1332.83011  22.5%     -   39s
     0     0 1332.85252    0 4994 1720.00000 1332.85252  22.5%     -   39s
     0     0 1333.10891    0 5022 1720.00000 1333.10891  22.5%     -   40s
     0     0 1333.14414    0 5035 1720.00000 1333.14414  22.5%     -   40s
     0     0 1334.65820    0 5077 1720.00000 1334.65820  22.4%     -   41s
     0     0 1334.69788    0 4819 1720.00000 1334.69788  22.4%     -   42s
     0     0 1337.02057    0 4961 1720.00000 1337.02057  22.3%     -   43s
     0     0 1337.16640    0 5081 1720.00000 1337.16640  22.3%     -   44s
     0     0 1337.23426    0 5110 1720.00000 1337.23426  22.3%     -   45s
     0     0 1337.23453    0 5130 1720.00000 1337.23453  22.3%     -   45s
     0     0 1337.28490    0 5111 1720.00000 1337.28490  22.3%     -   46s
     0     0 1337.28490    0 4832 1720.00000 1337.28490  22.3%     -   47s
     0     0 1337.28490    0  705 1720.00000 1337.28490  22.3%     -   52s
     0     0 1338.92810    0 4004 1720.00000 1338.92810  22.2%     -   53s
     0     0 1350.19811    0 4113 1720.00000 1350.19811  21.5%     -   54s
     0     0 1357.15328    0 4392 1720.00000 1357.15328  21.1%     -   56s
     0     0 1357.36879    0 4381 1720.00000 1357.36879  21.1%     -   56s
     0     0 1359.38694    0 4458 1720.00000 1359.38694  21.0%     -   57s
     0     0 1359.54297    0 4523 1720.00000 1359.54297  21.0%     -   57s
     0     0 1363.10921    0 4506 1720.00000 1363.10921  20.7%     -   59s
     0     0 1363.81173    0 4487 1720.00000 1363.81173  20.7%     -   59s
     0     0 1370.62399    0 4521 1720.00000 1370.62399  20.3%     -   61s
     0     0 1370.98537    0 4460 1720.00000 1370.98537  20.3%     -   61s
     0     0 1373.09352    0 4600 1720.00000 1373.09352  20.2%     -   62s
     0     0 1373.97598    0 4561 1720.00000 1373.97598  20.1%     -   62s
     0     0 1377.50808    0 4483 1720.00000 1377.50808  19.9%     -   64s
     0     0 1377.99601    0 4350 1720.00000 1377.99601  19.9%     -   64s
     0     0 1382.73323    0 4514 1720.00000 1382.73323  19.6%     -   65s
     0     0 1382.79468    0 4542 1720.00000 1382.79468  19.6%     -   65s
     0     0 1384.52925    0 4512 1720.00000 1384.52925  19.5%     -   66s
     0     0 1384.54351    0 4624 1720.00000 1384.54351  19.5%     -   67s
     0     0 1387.16822    0 4546 1720.00000 1387.16822  19.4%     -   68s
     0     0 1387.36139    0 4655 1720.00000 1387.36139  19.3%     -   68s
     0     0 1388.60791    0 4645 1720.00000 1388.60791  19.3%     -   70s
     0     0 1388.67398    0 4695 1720.00000 1388.67398  19.3%     -   70s
     0     0 1390.04727    0 4715 1720.00000 1390.04727  19.2%     -   71s
     0     0 1390.46444    0 4578 1720.00000 1390.46444  19.2%     -   71s
     0     0 1391.80729    0 4640 1720.00000 1391.80729  19.1%     -   72s
     0     0 1391.83399    0 4750 1720.00000 1391.83399  19.1%     -   72s
     0     0 1392.42706    0 4716 1720.00000 1392.42706  19.0%     -   74s
     0     0 1392.50542    0 4757 1720.00000 1392.50542  19.0%     -   74s
     0     0 1392.69430    0 4761 1720.00000 1392.69430  19.0%     -   75s
     0     0 1392.72658    0 4773 1720.00000 1392.72658  19.0%     -   75s
     0     0 1394.69166    0 4706 1720.00000 1394.69166  18.9%     -   77s
     0     0 1394.81838    0 4775 1720.00000 1394.81838  18.9%     -   77s
     0     0 1395.54018    0 4798 1720.00000 1395.54018  18.9%     -   78s
     0     0 1395.73177    0 4736 1720.00000 1395.73177  18.9%     -   79s
     0     0 1397.34789    0 4842 1720.00000 1397.34789  18.8%     -   80s
     0     0 1397.71759    0 4812 1720.00000 1397.71759  18.7%     -   81s
     0     0 1399.68727    0 4657 1720.00000 1399.68727  18.6%     -   82s
     0     0 1399.84898    0 4845 1720.00000 1399.84898  18.6%     -   82s
     0     0 1400.81062    0 4727 1720.00000 1400.81062  18.6%     -   84s
     0     0 1400.94586    0 4686 1720.00000 1400.94586  18.5%     -   84s
     0     0 1402.61773    0 4707 1720.00000 1402.61773  18.5%     -   85s
     0     0 1402.74979    0 4818 1720.00000 1402.74979  18.4%     -   86s
     0     0 1402.95731    0 4835 1720.00000 1402.95731  18.4%     -   87s
     0     0 1402.95731    0 4764 1720.00000 1402.95731  18.4%     -   88s
     0     2 1402.95731    0 4694 1720.00000 1402.95731  18.4%     -   93s
     3     6 1402.98419    2 4612 1720.00000 1402.98419  18.4%  1957   95s
    19    22 1404.40215    5 4365 1720.00000 1404.40215  18.3%  1118  100s
    45    46 1409.67681   13 4064 1720.00000 1404.48842  18.3%   843  105s
    84    87 1423.03866   25 3775 1720.00000 1404.48842  18.3%   641  111s
   118   119 1422.52645   33 2607 1720.00000 1404.48842  18.3%   523  115s
   175   174 1463.13120   52 1980 1720.00000 1404.48842  18.3%   429  120s
   234   231 1480.51989   72 1471 1720.00000 1404.48842  18.3%   374  126s
   298   279 1490.12446   93 1402 1720.00000 1404.48842  18.3%   316  132s
   340   319 1496.67118  110 1207 1720.00000 1404.48842  18.3%   290  135s
   492   469 1520.03771  149  995 1720.00000 1404.48842  18.3%   229  140s
   630   599 1538.40481  183 1018 1720.00000 1404.48842  18.3%   199  145s
   795   755 1562.99890  226  775 1720.00000 1404.48842  18.3%   172  150s
   890   847 1581.62731  257  836 1720.00000 1404.48842  18.3%   162  155s
  1164  1115 1633.48970  331  617 1720.00000 1404.48842  18.3%   136  161s
  1433  1348 1674.65452  427  400 1720.00000 1404.48842  18.3%   116  166s
  1693  1504 1684.87185  367 4832 1720.00000 1404.90491  18.3%   105  186s
  1696  1506 1545.26029  199 3807 1720.00000 1404.90491  18.3%   105  191s
  1698  1507 1613.02407  292 4637 1720.00000 1458.31380  15.2%   105  198s
  1699  1508 1632.78229  341 4682 1720.00000 1462.03860  15.0%   105  201s
  1700  1509 1649.00540  278 4689 1720.00000 1484.60818  13.7%   105  205s
  1702  1510 1545.26029  199 4908 1720.00000 1499.21169  12.8%   105  211s
  1703  1511 1501.37971   78 4945 1720.00000 1501.37971  12.7%   105  215s
  1705  1512 1523.02628  149 4930 1720.00000 1510.67354  12.2%   104  222s
  1706  1513 1514.74476   64 5153 1720.00000 1514.74476  11.9%   104  226s
  1707  1513 1516.89332   61 5072 1720.00000 1516.89332  11.8%   104  232s
  1708  1514 1587.44105  262 5105 1720.00000 1520.66106  11.6%   104  236s
  1709  1515 1538.71306  139 5097 1720.00000 1521.73678  11.5%   104  240s
  1711  1516 1525.77151  130 5096 1720.00000 1525.77151  11.3%   104  248s
  1712  1517 1671.00519  370 5216 1720.00000 1530.09577  11.0%   104  253s
  1713  1517 1684.87185  367 5128 1720.00000 1531.33993  11.0%   104  260s
  1715  1519 1687.65143  447 5198 1720.00000 1535.74636  10.7%   104  269s
  1716  1519 1545.26029  199 5208 1720.00000 1538.49852  10.6%   104  273s
  1717  1520 1539.31842   34 5210 1720.00000 1539.31842  10.5%   104  279s
  1718  1521 1613.02407  292 5167 1720.00000 1546.42445  10.1%   104  284s
  1719  1521 1632.78229  341 5210 1720.00000 1546.84262  10.1%   104  289s
  1720  1522 1649.00540  278 5139 1720.00000 1553.44640  9.68%   104  296s
  1721  1523 1554.74442   44 5128 1720.00000 1554.74442  9.61%   103  303s
  1722  1523 1565.06098  199 5145 1720.00000 1565.06098  9.01%   103  313s
  1723  1524 1566.90642   78 5113 1720.00000 1566.90642  8.90%   103  320s
  1724  1525 1572.55624   65 5091 1720.00000 1572.55624  8.57%   103  326s
  1725  1525 1573.52718  149 5173 1720.00000 1573.52718  8.52%   103  330s
  1726  1526 1578.87000   64 5096 1720.00000 1578.87000  8.21%   103  336s
  1727  1527 1580.45195   61 5134 1720.00000 1580.45195  8.11%   103  342s
  1728  1527 1587.44105  262 5165 1720.00000 1586.79936  7.74%   103  351s
  1729  1528 1588.10262  139 5212 1720.00000 1588.10262  7.67%   103  356s
  1730  1529 1594.24196  145 5100 1720.00000 1594.24196  7.31%   103  362s
  1731  1529 1595.10593  130 5258 1720.00000 1595.10593  7.26%   103  366s
  1732  1530 1671.00519  370 5127 1720.00000 1601.15969  6.91%   103  374s
  1733  1531 1684.87185  367 5276 1720.00000 1601.97441  6.86%   103  378s
  1734  1531 1606.76217  242 5241 1720.00000 1606.76217  6.58%   103  385s
  1736  1533 1611.07210  199 5212 1720.00000 1611.07210  6.33%   103  394s
  1737  1533 1611.81426   34 5341 1720.00000 1611.81426  6.29%   103  398s
  1738  1534 1616.11904  292 5356 1720.00000 1616.11904  6.04%   102  403s
  1739  1535 1632.78229  341 5369 1720.00000 1617.08331  5.98%   102  407s
  1740  1535 1649.00540  278 5335 1720.00000 1619.36683  5.85%   102  411s
  1741  1536 1620.59125   44 5429 1720.00000 1620.59125  5.78%   102  415s
  1742  1537 1624.49708  199 5340 1720.00000 1624.49708  5.55%   102  422s
  1743  1537 1625.51846   78 5356 1720.00000 1625.51846  5.49%   102  427s
  1744  1538 1629.01485   65 5328 1720.00000 1629.01485  5.29%   102  432s
  1745  1539 1629.94208  149 5351 1720.00000 1629.94208  5.24%   102  436s
  1746  1539 1632.53134   64 5297 1720.00000 1632.53134  5.09%   102  440s
  1748  1541 1636.05991  262 5194 1720.00000 1636.05991  4.88%   102  448s
  1749  1541 1636.48290  139 5346 1720.00000 1636.48290  4.86%   102  452s
  1750  1542 1638.78789  145 5374 1720.00000 1638.78789  4.72%   102  458s
  1751  1543 1639.86599  130 5474 1720.00000 1639.86599  4.66%   102  463s
  1752  1543 1671.00519  370 5487 1720.00000 1641.14422  4.58%   102  467s
  1753  1544 1684.87185  367 5506 1720.00000 1641.60511  4.56%   102  471s
  1754  1545 1643.52411  242 5453 1720.00000 1643.52411  4.45%   102  475s
  1756  1546 1647.31068  199 5434 1720.00000 1647.31068  4.23%   101  484s
  1757  1547 1647.50005   34 5467 1720.00000 1647.50005  4.22%   101  487s
  1758  1547 1650.69583  292 5405 1720.00000 1650.69583  4.03%   101  494s
  1759  1548 1651.28702  341 5422 1720.00000 1651.28702  3.99%   101  499s
  1760  1549 1653.13860  278 5333 1720.00000 1653.13860  3.89%   101  503s
  1761  1549 1654.10707   44 5471 1720.00000 1654.10707  3.83%   101  509s
  1762  1550 1656.36596  199 5432 1720.00000 1656.36596  3.70%   101  513s
  1763  1551 1656.90664   78 5427 1720.00000 1656.90664  3.67%   101  517s
  1764  1551 1659.63457   65 5433 1720.00000 1659.63457  3.51%   101  522s
  1765  1552 1660.64456  149 5493 1720.00000 1660.64456  3.45%   101  527s
  1766  1553 1663.08831   64 5517 1720.00000 1663.08831  3.31%   101  532s
  1767  1553 1663.54956   61 5504 1720.00000 1663.54956  3.28%   101  536s
  1768  1554 1665.76145  262 5439 1720.00000 1665.76145  3.15%   101  541s
  1769  1555 1667.11659  139 5443 1720.00000 1667.11659  3.07%   101  547s
  1770  1555 1668.04928  145 5417 1720.00000 1668.04928  3.02%   101  553s
  1771  1556 1668.29199  130 5485 1720.00000 1668.29199  3.01%   101  557s
  1772  1557 1671.00519  370 5455 1720.00000 1669.24568  2.95%   101  562s
  1773  1557 1684.87185  367 5410 1720.00000 1669.60651  2.93%   100  566s
  1774  1558 1672.16600  242 5416 1720.00000 1672.16600  2.78%   100  571s
  1776  1559 1673.03929  199 5320 1720.00000 1673.03929  2.73%   100  577s
  1777  1560 1673.12194   34 5357 1720.00000 1673.12194  2.73%   100  581s
  1778  1561 1674.75784  292 5266 1720.00000 1674.75784  2.63%   100  586s
  1779  1561 1675.07048  341 5388 1720.00000 1675.07048  2.61%   100  590s
  1780  1562 1676.76954  278 5318 1720.00000 1676.76954  2.51%   100  596s
  1781  1563 1677.26921   44 5328 1720.00000 1677.26921  2.48%   100  601s
  1782  1563 1677.94405  199 5365 1720.00000 1677.94405  2.45%   100  606s
  1783  1564 1678.10258   78 5433 1720.00000 1678.10258  2.44%   100  610s
  1784  1565 1679.46039   65 5357 1720.00000 1679.46039  2.36%   100  619s
  1785  1565 1679.77927  149 5292 1720.00000 1679.77927  2.34%   100  624s
  1786  1566 1681.01284   64 5282 1720.00000 1681.01284  2.27%   100  635s
  1788  1567 1681.86026  262 5460 1720.00000 1681.86026  2.22%   100  641s
  1790  1569 1682.21031  145 5408 1720.00000 1682.21031  2.20%  99.5  646s
  1792  1570 1683.28096  370 5318 1720.00000 1683.28096  2.13%  99.4  651s
  1794  1571 1684.82731  242 5390 1720.00000 1684.82731  2.04%  99.3  656s
  1795  1572 1687.65143  447 5416 1720.00000 1684.99234  2.04%  99.2  660s
  1797  1573 1685.76048   34 5403 1720.00000 1685.76048  1.99%  99.1  666s
  1799  1575 1686.72033  341 5418 1720.00000 1686.72033  1.93%  99.0  672s
  1801  1576 1687.57439   44 5383 1720.00000 1687.57439  1.89%  98.9  676s
  1803  1577 1688.43717   78 5380 1720.00000 1688.43717  1.84%  98.8  681s
  1805  1579 1688.88625  149 5436 1720.00000 1688.88625  1.81%  98.7  686s
  1807  1580 1689.55926   61 5327 1720.00000 1689.55926  1.77%  98.6  693s
  1808  1581 1690.28520  262 5342 1720.00000 1690.28520  1.73%  98.5  695s
  1809  1581 1690.53247  139 5444 1720.00000 1690.53247  1.71%  98.4  700s
  1810  1582 1690.95553  145 5417 1720.00000 1690.95553  1.69%  98.4  709s
  1811  1583 1691.04073  130 5347 1720.00000 1691.04073  1.68%  98.3  713s
  1812  1583 1691.55433  370 5305 1720.00000 1691.55433  1.65%  98.3  715s
  1814  1585 1692.04321  242 5473 1720.00000 1692.04321  1.63%  98.2  720s
  1816  1586 1692.57011  199 5577 1720.00000 1692.57011  1.59%  98.1  725s
  1818  1587 1693.05448  292 5562 1720.00000 1693.05448  1.57%  98.0  730s
  1820  1589 1693.55396  278 5571 1720.00000 1693.55396  1.54%  97.9  735s
  1822  1590 1694.02215  199 5566 1720.00000 1694.02215  1.51%  97.7  741s
  1824  1591 1694.16319   65 5579 1720.00000 1694.16319  1.50%  97.6  745s
  1827  1593 1694.64528   61 5414 1720.00000 1694.64528  1.47%  97.5  752s
  1829  1595 1695.09636  139 5509 1720.00000 1695.09636  1.45%  97.4  757s
  1831  1596 1695.24944  130 5502 1720.00000 1695.24944  1.44%  97.3  761s
  1833  1597 1695.43992  367 5490 1720.00000 1695.43992  1.43%  97.2  765s
  1835  1599 1695.67082  447 5492 1720.00000 1695.67082  1.41%  97.1  770s
  1837  1600 1696.34633   34 5557 1720.00000 1696.34633  1.38%  96.9  776s
  1839  1601 1696.72463  341 5523 1720.00000 1696.72463  1.35%  96.8  781s
  1841  1603 1696.85751   44 5495 1720.00000 1696.85751  1.35%  96.7  785s
  1843  1604 1697.06318   78 5551 1720.00000 1697.06318  1.33%  96.6  791s
  1845  1605 1697.29562  149 5585 1720.00000 1697.29562  1.32%  96.5  795s
  1848  1607 1697.67885  262 5527 1720.00000 1697.67885  1.30%  96.4  800s
  1851  1609 1697.82449  130 5544 1720.00000 1697.82449  1.29%  96.2  807s
  1853  1611 1698.46571  367 5498 1720.00000 1698.46571  1.25%  96.1  812s
  1855  1612 1698.68090  447 5540 1720.00000 1698.68090  1.24%  96.0  817s
  1857  1613 1698.83997   34 5535 1720.00000 1698.83997  1.23%  95.9  822s
  1859  1615 1698.89992  341 5551 1720.00000 1698.89992  1.23%  95.8  826s
  1861  1616 1698.93605   44 5548 1720.00000 1698.93605  1.22%  95.7  830s
  1864  1618 1699.09299   65 5421 1720.00000 1699.09299  1.22%  95.5  835s
  1867  1620 1699.28286   61 5546 1720.00000 1699.28286  1.20%  95.4  842s
  1869  1621 1699.30843  139 5495 1720.00000 1699.30843  1.20%  95.3  845s
  1871  1623 1699.31871  130 5496 1720.00000 1699.31871  1.20%  95.2  850s
  1873  1624 1700.45141  367 5542 1720.00000 1700.45141  1.14%  95.1  858s
  1874  1625 1700.90655  242 5526 1720.00000 1700.90655  1.11%  95.0  861s
  1875  1625 1701.08025  447 5446 1720.00000 1701.08025  1.10%  95.0  866s
  1877  1627 1701.30366   34 5540 1720.00000 1701.30366  1.09%  94.9  872s
  1879  1628 1701.41049  341 5524 1720.00000 1701.41049  1.08%  94.8  875s
  1882  1630 1701.70149  199 5511 1720.00000 1701.70149  1.06%  94.6  880s
  1885  1632 1701.81422  149 5510 1720.00000 1701.81422  1.06%  94.5  888s
  1887  1633 1701.94337   61 5504 1720.00000 1701.94337  1.05%  94.4  892s
H 1887  1548                    1715.0000000 1702.03731  0.76%  94.4  893s
  1888  1549 1702.03731  262 5498 1715.00000 1702.03731  0.76%  94.3  896s
  1890  1550 1702.27724  145 5486 1715.00000 1702.27724  0.74%  94.2  901s
  1891  1551 1702.32825  130 5499 1715.00000 1702.32825  0.74%  94.2  905s
  1894  1553 1702.47660  242 5055 1715.00000 1702.47660  0.73%  94.0  912s
  1898  1557 1702.47660  292  732 1715.00000 1702.47660  0.73%   566  916s
  1899  1558 1702.47660  341 4524 1715.00000 1702.47660  0.73%   565  926s
  1900  1559 1702.47660  278 5230 1715.00000 1702.47660  0.73%   565  951s

Gurobi 7.0.2 (win32, Python) logging started 09/17/17 22:20:56

Optimize a model with 110129 rows, 46921 columns and 290888 nonzeros
Variable types: 0 continuous, 46921 integer (21462 binary)
Coefficient statistics:
  Matrix range     [1e-03, 1e+03]
  Objective range  [2e-01, 3e+00]
  Bounds range     [1e+00, 1e+00]
  RHS range        [1e+00, 1e+02]
Found heuristic solution: objective 2610
Presolve removed 81409 rows and 37730 columns
Presolve time: 0.50s
Presolved: 28720 rows, 9191 columns, 85275 nonzeros
Variable types: 0 continuous, 9191 integer (6769 binary)

Root relaxation: objective 1.228209e+03, 15465 iterations, 1.98 seconds

    Nodes    |    Current Node    |     Objective Bounds      |     Work
 Expl Unexpl |  Obj  Depth IntInf | Incumbent    BestBd   Gap | It/Node Time

     0     0 1228.20948    0 1494 2610.00000 1228.20948  52.9%     -    2s
H    0     0                    2115.0000000 1228.20948  41.9%     -    3s
H    0     0                    1785.0000000 1228.20948  31.2%     -    3s

Gurobi 7.0.2 (win32, Python) logging started 09/17/17 22:29:48

Optimize a model with 110381 rows, 47131 columns and 291812 nonzeros
Variable types: 0 continuous, 47131 integer (21462 binary)
Coefficient statistics:
  Matrix range     [1e-03, 1e+03]
  Objective range  [2e-01, 3e+00]
  Bounds range     [1e+00, 1e+00]
  RHS range        [1e+00, 1e+02]
Found heuristic solution: objective 2640
Presolve removed 81661 rows and 37936 columns
Presolve time: 0.52s
Presolved: 28720 rows, 9195 columns, 85315 nonzeros
Variable types: 0 continuous, 9195 integer (6791 binary)

Root relaxation: objective 1.210098e+03, 14398 iterations, 1.45 seconds

    Nodes    |    Current Node    |     Objective Bounds      |     Work
 Expl Unexpl |  Obj  Depth IntInf | Incumbent    BestBd   Gap | It/Node Time

     0     0 1210.09813    0  742 2640.00000 1210.09813  54.2%     -    2s
H    0     0                    1775.0000000 1210.09813  31.8%     -    3s
H    0     0                    1715.0000000 1210.09813  29.4%     -    3s
     0     0 1262.73103    0 3566 1715.00000 1262.73103  26.4%     -    3s
     0     0 1263.41031    0 3537 1715.00000 1263.41031  26.3%     -    4s
     0     0 1277.12353    0 3124 1715.00000 1277.12353  25.5%     -    5s
     0     0 1277.12353    0  279 1715.00000 1277.12353  25.5%     -    6s
     0     0 1339.77737    0 1589 1715.00000 1339.77737  21.9%     -    6s
     0     0 1423.24539    0 1138 1715.00000 1423.24539  17.0%     -    6s
     0     0 1459.39436    0 1430 1715.00000 1459.39436  14.9%     -    6s
     0     0 1462.73770    0 1309 1715.00000 1462.73770  14.7%     -    6s
     0     0 1476.80853    0 1692 1715.00000 1476.80853  13.9%     -    6s
     0     0 1478.76804    0 1387 1715.00000 1478.76804  13.8%     -    6s
     0     0 1491.17774    0 1783 1715.00000 1491.17774  13.1%     -    7s
     0     0 1491.57077    0 1904 1715.00000 1491.57077  13.0%     -    7s
     0     0 1495.09649    0 1487 1715.00000 1495.09649  12.8%     -    7s
     0     0 1495.22031    0 1507 1715.00000 1495.22031  12.8%     -    7s
     0     0 1502.78134    0 1353 1715.00000 1502.78134  12.4%     -    7s
     0     0 1503.37713    0 1691 1715.00000 1503.37713  12.3%     -    7s
     0     0 1512.28530    0 1572 1715.00000 1512.28530  11.8%     -    8s
     0     0 1516.50724    0 1569 1715.00000 1516.50724  11.6%     -    8s
     0     0 1523.43666    0 1869 1715.00000 1523.43666  11.2%     -    8s
     0     0 1523.64426    0 1914 1715.00000 1523.64426  11.2%     -    8s
     0     0 1530.68149    0 1705 1715.00000 1530.68149  10.7%     -    8s
     0     0 1530.88055    0 1768 1715.00000 1530.88055  10.7%     -    8s
     0     0 1534.76677    0 1841 1715.00000 1534.76677  10.5%     -    8s
     0     0 1535.61437    0 1831 1715.00000 1535.61437  10.5%     -    8s
     0     0 1538.27016    0 1868 1715.00000 1538.27016  10.3%     -    9s
     0     0 1538.72541    0 1920 1715.00000 1538.72541  10.3%     -    9s
     0     0 1547.29355    0 1766 1715.00000 1547.29355  9.78%     -    9s
     0     0 1548.09898    0 1782 1715.00000 1548.09898  9.73%     -    9s
     0     0 1550.38126    0 1956 1715.00000 1550.38126  9.60%     -    9s
     0     0 1550.54672    0 1951 1715.00000 1550.54672  9.59%     -    9s
     0     0 1551.64545    0 1988 1715.00000 1551.64545  9.53%     -    9s
     0     0 1551.85387    0 1974 1715.00000 1551.85387  9.51%     -   10s
     0     0 1555.14353    0 1565 1715.00000 1555.14353  9.32%     -   10s
     0     0 1555.29060    0 1661 1715.00000 1555.29060  9.31%     -   10s
     0     0 1557.49005    0 1711 1715.00000 1557.49005  9.18%     -   10s
     0     0 1557.52501    0 1717 1715.00000 1557.52501  9.18%     -   10s
     0     0 1559.00766    0 1772 1715.00000 1559.00766  9.10%     -   10s
     0     0 1559.13923    0 1842 1715.00000 1559.13923  9.09%     -   11s
     0     0 1562.89868    0 2047 1715.00000 1562.89868  8.87%     -   11s
     0     0 1563.18238    0 2024 1715.00000 1563.18238  8.85%     -   11s
     0     0 1567.99411    0 1997 1715.00000 1567.99411  8.57%     -   11s
     0     0 1568.10530    0 1981 1715.00000 1568.10530  8.57%     -   11s
     0     0 1571.85322    0 1949 1715.00000 1571.85322  8.35%     -   11s
     0     0 1571.92835    0 1959 1715.00000 1571.92835  8.34%     -   11s
     0     0 1577.74265    0 1950 1715.00000 1577.74265  8.00%     -   12s
     0     0 1577.95453    0 1917 1715.00000 1577.95453  7.99%     -   12s
     0     0 1580.67166    0 1900 1715.00000 1580.67166  7.83%     -   12s
     0     0 1580.90750    0 1901 1715.00000 1580.90750  7.82%     -   12s
     0     0 1582.08734    0 1939 1715.00000 1582.08734  7.75%     -   12s
     0     0 1582.08734    0 1301 1715.00000 1582.08734  7.75%     -   12s
     0     2 1582.08734    0 1297 1715.00000 1582.08734  7.75%     -   13s
   113   117 1628.94838   40  921 1715.00000 1584.55004  7.61%   111   15s
   760   700 1692.15132  137 1465 1715.00000 1585.08733  7.58%  36.5   20s
   780   713 1698.26596  137 1920 1715.00000 1698.26596  0.98%  35.5   25s
   794   722 1708.93895  104 2015 1715.00000 1708.93895  0.35%  34.9   30s
   812   736 1712.48231   81 1023 1715.00000 1712.48231  0.15%  69.7   35s

Cutting planes:
  Gomory: 60
  Cover: 4
  Implied bound: 69
  Clique: 2
  MIR: 87
  Flow cover: 361
  Zero half: 133

Explored 825 nodes (128770 simplex iterations) in 37.24 seconds
Thread count was 4 (of 4 available processors)

Solution count 4: 1715 1715 1775 2640 
Pool objective bound 1715

Optimal solution found (tolerance 1.00e-04)
Best objective 1.715000000000e+03, best bound 1.715000000000e+03, gap 0.0000%

Gurobi 7.0.2 (win32, Python) logging started 09/17/17 22:36:43


Gurobi 7.0.2 (win32, Python) logging started 09/17/17 22:37:34

Optimize a model with 110591 rows, 47131 columns and 333812 nonzeros
Variable types: 0 continuous, 47131 integer (21462 binary)
Coefficient statistics:
  Matrix range     [1e-03, 1e+03]
  Objective range  [2e-01, 3e+00]
  Bounds range     [1e+00, 1e+00]
  RHS range        [1e+00, 1e+02]
Presolve removed 58179 rows and 33885 columns
Presolve time: 0.06s

Explored 0 nodes (0 simplex iterations) in 0.25 seconds
Thread count was 1 (of 4 available processors)

Solution count 0
Pool objective bound 1e+100

Model is infeasible
Best objective -, best bound -, gap -

Gurobi 7.0.2 (win32, Python) logging started 09/17/17 22:39:23

Optimize a model with 110381 rows, 47131 columns and 291812 nonzeros
Variable types: 0 continuous, 47131 integer (21462 binary)
Coefficient statistics:
  Matrix range     [1e-03, 1e+03]
  Objective range  [2e-01, 3e+00]
  Bounds range     [1e+00, 1e+00]
  RHS range        [1e+00, 1e+02]
Found heuristic solution: objective 2620.4
Presolve removed 81651 rows and 37930 columns
Presolve time: 0.56s
Presolved: 28730 rows, 9201 columns, 85865 nonzeros
Variable types: 0 continuous, 9201 integer (6779 binary)

Gurobi 7.0.2 (win32, Python) logging started 09/17/17 22:39:59

Optimize a model with 110591 rows, 47131 columns and 333812 nonzeros
Variable types: 0 continuous, 47131 integer (21462 binary)
Coefficient statistics:
  Matrix range     [1e-03, 1e+03]
  Objective range  [2e-01, 3e+00]
  Bounds range     [1e+00, 1e+00]
  RHS range        [1e+00, 2e+02]
Presolve removed 54459 rows and 29555 columns
Presolve time: 0.05s

Explored 0 nodes (0 simplex iterations) in 0.28 seconds
Thread count was 1 (of 4 available processors)

Solution count 0
Pool objective bound 1e+100

Model is infeasible
Best objective -, best bound -, gap -

Gurobi 7.0.2 (win32, Python) logging started 09/17/17 22:40:07

Optimize a model with 110591 rows, 47131 columns and 333812 nonzeros
Variable types: 0 continuous, 47131 integer (21462 binary)
Coefficient statistics:
  Matrix range     [1e-03, 1e+03]
  Objective range  [2e-01, 3e+00]
  Bounds range     [1e+00, 1e+00]
  RHS range        [1e+00, 2e+03]
Presolve removed 83291 rows and 37932 columns
Presolve time: 0.94s
Presolved: 27300 rows, 9199 columns, 117020 nonzeros
Variable types: 0 continuous, 9199 integer (6789 binary)

Root relaxation: infeasible, 10435 iterations, 2.55 seconds

    Nodes    |    Current Node    |     Objective Bounds      |     Work
 Expl Unexpl |  Obj  Depth IntInf | Incumbent    BestBd   Gap | It/Node Time

     0     0 infeasible    0               - infeasible      -     -    3s

Explored 0 nodes (10435 simplex iterations) in 3.80 seconds
Thread count was 4 (of 4 available processors)

Solution count 0
Pool objective bound 1e+100

Model is infeasible
Best objective -, best bound -, gap -

Gurobi 7.0.2 (win32, Python) logging started 09/17/17 22:40:20

Optimize a model with 110591 rows, 47131 columns and 333812 nonzeros
Variable types: 0 continuous, 47131 integer (21462 binary)
Coefficient statistics:
  Matrix range     [1e-03, 1e+03]
  Objective range  [2e-01, 3e+00]
  Bounds range     [1e+00, 1e+00]
  RHS range        [1e+00, 2e+04]
Found heuristic solution: objective 3201
Presolve removed 81736 rows and 37921 columns
Presolve time: 0.55s
Presolved: 28855 rows, 9210 columns, 92520 nonzeros
Variable types: 0 continuous, 9210 integer (6787 binary)

Root relaxation: objective 1.155953e+03, 16800 iterations, 2.80 seconds

    Nodes    |    Current Node    |     Objective Bounds      |     Work
 Expl Unexpl |  Obj  Depth IntInf | Incumbent    BestBd   Gap | It/Node Time

     0     0 1155.95274    0 2040 3201.00000 1155.95274  63.9%     -    5s
H    0     0                    2390.0000000 1155.95274  51.6%     -    5s
H    0     0                    2145.0000000 1155.95274  46.1%     -    5s
     0     0 1197.29015    0 4216 2145.00000 1197.29015  44.2%     -    6s
H    0     0                    2005.0000000 1197.29015  40.3%     -    7s
     0     0 1197.88374    0 3797 2005.00000 1197.88374  40.3%     -    7s
     0     0 1227.19447    0 3086 2005.00000 1227.19447  38.8%     -    9s
     0     0 1227.19447    0  852 2005.00000 1227.19447  38.8%     -   10s
     0     0 1263.97780    0 1539 2005.00000 1263.97780  37.0%     -   11s
H    0     0                    1960.0000000 1263.97780  35.5%     -   11s
     0     0 1344.14732    0 1534 1960.00000 1344.14732  31.4%     -   11s
     0     0 1406.51434    0 1809 1960.00000 1406.51434  28.2%     -   11s
H    0     0                    1925.0000000 1406.51434  26.9%     -   11s
     0     0 1422.43447    0 1674 1925.00000 1422.43447  26.1%     -   11s
     0     0 1494.52945    0 1633 1925.00000 1494.52945  22.4%     -   11s
     0     0 1494.98461    0 1678 1925.00000 1494.98461  22.3%     -   11s
     0     0 1513.70777    0 1818 1925.00000 1513.70777  21.4%     -   12s
H    0     0                    1895.0000000 1513.70777  20.1%     -   12s
     0     0 1523.78167    0 1705 1895.00000 1523.78167  19.6%     -   12s
     0     0 1549.97145    0 1912 1895.00000 1549.97145  18.2%     -   12s
     0     0 1552.74389    0 1829 1895.00000 1552.74389  18.1%     -   12s
     0     0 1563.04689    0 1439 1895.00000 1563.04689  17.5%     -   12s
H    0     0                    1860.0000000 1563.04689  16.0%     -   12s
H    0     0                    1850.0000000 1563.04689  15.5%     -   12s
     0     0 1566.46132    0 1624 1850.00000 1566.46132  15.3%     -   12s
     0     0 1577.43525    0 1912 1850.00000 1577.43525  14.7%     -   13s
     0     0 1577.65487    0 1841 1850.00000 1577.65487  14.7%     -   13s
     0     0 1595.72420    0 1608 1850.00000 1595.72420  13.7%     -   13s
     0     0 1596.29722    0 1762 1850.00000 1596.29722  13.7%     -   13s
     0     0 1605.95665    0 1749 1850.00000 1605.95665  13.2%     -   13s
     0     0 1606.29392    0 1838 1850.00000 1606.29392  13.2%     -   13s
     0     0 1608.15888    0 1739 1850.00000 1608.15888  13.1%     -   13s
     0     0 1608.49639    0 1764 1850.00000 1608.49639  13.1%     -   13s
     0     0 1614.43930    0 1899 1850.00000 1614.43930  12.7%     -   13s
     0     0 1618.99722    0 1881 1850.00000 1618.99722  12.5%     -   13s
     0     0 1624.86775    0 1590 1850.00000 1624.86775  12.2%     -   14s
H    0     0                    1835.0000000 1624.86775  11.5%     -   14s
     0     0 1625.12237    0 1773 1835.00000 1625.12237  11.4%     -   14s
     0     0 1630.59324    0 1572 1835.00000 1630.59324  11.1%     -   14s
     0     0 1630.93238    0 1648 1835.00000 1630.93238  11.1%     -   14s
     0     0 1632.69015    0 1704 1835.00000 1632.69015  11.0%     -   14s
     0     0 1632.69015    0 1180 1835.00000 1632.69015  11.0%     -   15s
     0     2 1632.69015    0 1176 1835.00000 1632.69015  11.0%     -   16s
H  382   375                    1820.0000000 1633.23254  10.3%  44.6   18s
   564   506 1671.11983   17  840 1820.00000 1633.61492  10.2%  37.1   21s
   729   669 1685.59209   30 1421 1820.00000 1633.61492  10.2%  34.7   25s
   748   682 1792.42003   66 1091 1820.00000 1792.42003  1.52%  33.8   30s
   765   693 1802.00240  139 1177 1820.00000 1802.00240  0.99%  33.0   35s
   779   702 1812.12929  165  327 1820.00000 1802.00240  0.99%  32.4   40s
   788   709 1802.00240   66  735 1820.00000 1802.00240  0.99%  95.4   45s
   803   719 1802.00240  111  537 1820.00000 1802.00240  0.99%  93.6   50s
